<?xml version="1.0" encoding="UTF-8"?>
<!-- Generated by org.testng.reporters.JUnitReportReporter -->
<testsuite hostname="Pawan" failures="0" tests="6" name="api.test.DDTests" time="2.743" errors="0" timestamp="2023-07-15T16:44:03 PDT" skipped="0">
  <testcase classname="api.test.DDTests" name="testCreateUser" time="0.471"/>
  <system-out/>
  <testcase classname="api.test.DDTests" name="testCreateUser" time="0.448"/>
  <system-out/>
  <testcase classname="api.test.DDTests" name="testCreateUser" time="0.488"/>
  <system-out/>
  <testcase classname="api.test.DDTests" name="testDeleteUser" time="0.468"/>
  <system-out/>
  <testcase classname="api.test.DDTests" name="testDeleteUser" time="0.410"/>
  <system-out/>
  <testcase classname="api.test.DDTests" name="testDeleteUser" time="0.458"/>
  <system-out/>
</testsuite> <!-- api.test.DDTests -->
