<?xml version="1.0" encoding="UTF-8"?>
<!-- Generated by org.testng.reporters.JUnitReportReporter -->
<testsuite hostname="Pawan" failures="0" tests="4" name="api.test.UserTest" time="4.726" errors="0" timestamp="2023-07-15T16:44:03 PDT" skipped="0">
  <testcase classname="api.test.UserTest" name="testPostUser" time="2.587"/>
  <system-out/>
  <testcase classname="api.test.UserTest" name="testGetUser" time="1.206"/>
  <system-out/>
  <testcase classname="api.test.UserTest" name="testUpdateUser" time="0.465"/>
  <system-out/>
  <testcase classname="api.test.UserTest" name="testDeleteUser" time="0.468"/>
  <system-out/>
</testsuite> <!-- api.test.UserTest -->
