<?xml version="1.0" encoding="UTF-8"?>
<!-- Generated by org.testng.reporters.JUnitReportReporter -->
<testsuite hostname="Pawan" failures="0" tests="6" name="api.test.DDTests" time="2.650" errors="0" timestamp="2023-07-15T17:15:49 PDT" skipped="0">
  <testcase classname="api.test.DDTests" name="testCreateUser" time="0.428"/>
  <system-out/>
  <testcase classname="api.test.DDTests" name="testCreateUser" time="0.428"/>
  <system-out/>
  <testcase classname="api.test.DDTests" name="testCreateUser" time="0.474"/>
  <system-out/>
  <testcase classname="api.test.DDTests" name="testDeleteUser" time="0.452"/>
  <system-out/>
  <testcase classname="api.test.DDTests" name="testDeleteUser" time="0.439"/>
  <system-out/>
  <testcase classname="api.test.DDTests" name="testDeleteUser" time="0.429"/>
  <system-out/>
</testsuite> <!-- api.test.DDTests -->
