<?xml version="1.0" encoding="UTF-8"?>
<!-- Generated by org.testng.reporters.JUnitReportReporter -->
<testsuite hostname="Pawan" failures="0" tests="4" name="api.test.UserTest" time="4.921" errors="0" timestamp="2023-07-15T17:15:49 PDT" skipped="0">
  <testcase classname="api.test.UserTest" name="testPostUser" time="2.657"/>
  <system-out/>
  <testcase classname="api.test.UserTest" name="testGetUser" time="1.361"/>
  <system-out/>
  <testcase classname="api.test.UserTest" name="testUpdateUser" time="0.472"/>
  <system-out/>
  <testcase classname="api.test.UserTest" name="testDeleteUser" time="0.431"/>
  <system-out/>
</testsuite> <!-- api.test.UserTest -->
